# JRE version: OpenJDK Runtime Environment (8.0_242-b01) (build 1.8.0_242-release-1644-b01)
# Java VM: OpenJDK 64-Bit Server VM (25.242-b01 mixed mode windows-amd64 compressed oops)
Heap:
 PSYoungGen      total 445952K, used 256855K [0x00000000e0000000, 0x00000000ffb00000, 0x0000000100000000)
  eden space 373760K, 67% used [0x00000000e0000000,0x00000000ef565d98,0x00000000f6d00000)
  from space 72192K, 7% used [0x00000000fb480000,0x00000000fb9f0030,0x00000000ffb00000)
  to   space 72704K, 0% used [0x00000000f6d00000,0x00000000f6d00000,0x00000000fb400000)
 ParOldGen       total 258560K, used 109862K [0x00000000a0000000, 0x00000000afc80000, 0x00000000e0000000)
  object space 258560K, 42% used [0x00000000a0000000,0x00000000a6b49968,0x00000000afc80000)
 Metaspace       used 98459K, capacity 103752K, committed 103936K, reserved 1138688K
  class space    used 12979K, capacity 14037K, committed 14080K, reserved 1048576K
GC Heap History (10 events):
Event: 393.944 GC heap before
{Heap before GC invocations=28 (full 4):
 PSYoungGen      total 360448K, used 360030K [0x00000000e0000000, 0x00000000ffb00000, 0x0000000100000000)
  eden space 348160K, 100% used [0x00000000e0000000,0x00000000f5400000,0x00000000f5400000)
  from space 12288K, 96% used [0x00000000f5400000,0x00000000f5f978a8,0x00000000f6000000)
  to   space 85504K, 0% used [0x00000000fa780000,0x00000000fa780000,0x00000000ffb00000)
 ParOldGen       total 258560K, used 81968K [0x00000000a0000000, 0x00000000afc80000, 0x00000000e0000000)
  object space 258560K, 31% used [0x00000000a0000000,0x00000000a500c060,0x00000000afc80000)
 Metaspace       used 97972K, capacity 103318K, committed 103424K, reserved 1138688K
  class space    used 12943K, capacity 14028K, committed 14080K, reserved 1048576K
Event: 393.987 GC heap after
Heap after GC invocations=28 (full 4):
 PSYoungGen      total 438272K, used 32110K [0x00000000e0000000, 0x0000000100000000, 0x0000000100000000)
  eden space 352768K, 0% used [0x00000000e0000000,0x00000000e0000000,0x00000000f5880000)
  from space 85504K, 37% used [0x00000000fa780000,0x00000000fc6db940,0x00000000ffb00000)
  to   space 80896K, 0% used [0x00000000f5880000,0x00000000f5880000,0x00000000fa780000)
 ParOldGen       total 258560K, used 81968K [0x00000000a0000000, 0x00000000afc80000, 0x00000000e0000000)
  object space 258560K, 31% used [0x00000000a0000000,0x00000000a500c060,0x00000000afc80000)
 Metaspace       used 97972K, capacity 103318K, committed 103424K, reserved 1138688K
  class space    used 12943K, capacity 14028K, committed 14080K, reserved 1048576K
}
Event: 395.145 GC heap before
{Heap before GC invocations=29 (full 4):
 PSYoungGen      total 438272K, used 384878K [0x00000000e0000000, 0x0000000100000000, 0x0000000100000000)
  eden space 352768K, 100% used [0x00000000e0000000,0x00000000f5880000,0x00000000f5880000)
  from space 85504K, 37% used [0x00000000fa780000,0x00000000fc6db940,0x00000000ffb00000)
  to   space 80896K, 0% used [0x00000000f5880000,0x00000000f5880000,0x00000000fa780000)
 ParOldGen       total 258560K, used 81968K [0x00000000a0000000, 0x00000000afc80000, 0x00000000e0000000)
  object space 258560K, 31% used [0x00000000a0000000,0x00000000a500c060,0x00000000afc80000)
 Metaspace       used 98127K, capacity 103530K, committed 103680K, reserved 1138688K
  class space    used 12946K, capacity 14030K, committed 14080K, reserved 1048576K
Event: 395.168 GC heap after
Heap after GC invocations=29 (full 4):
 PSYoungGen      total 433664K, used 26476K [0x00000000e0000000, 0x00000000ff280000, 0x0000000100000000)
  eden space 352768K, 0% used [0x00000000e0000000,0x00000000e0000000,0x00000000f5880000)
  from space 80896K, 32% used [0x00000000f5880000,0x00000000f725b350,0x00000000fa780000)
  to   space 76288K, 0% used [0x00000000fa800000,0x00000000fa800000,0x00000000ff280000)
 ParOldGen       total 258560K, used 84468K [0x00000000a0000000, 0x00000000afc80000, 0x00000000e0000000)
  object space 258560K, 32% used [0x00000000a0000000,0x00000000a527d0d0,0x00000000afc80000)
 Metaspace       used 98127K, capacity 103530K, committed 103680K, reserved 1138688K
  class space    used 12946K, capacity 14030K, committed 14080K, reserved 1048576K
}
Event: 396.941 GC heap before
{Heap before GC invocations=30 (full 4):
 PSYoungGen      total 433664K, used 379244K [0x00000000e0000000, 0x00000000ff280000, 0x0000000100000000)
  eden space 352768K, 100% used [0x00000000e0000000,0x00000000f5880000,0x00000000f5880000)
  from space 80896K, 32% used [0x00000000f5880000,0x00000000f725b350,0x00000000fa780000)
  to   space 76288K, 0% used [0x00000000fa800000,0x00000000fa800000,0x00000000ff280000)
 ParOldGen       total 258560K, used 84468K [0x00000000a0000000, 0x00000000afc80000, 0x00000000e0000000)
  object space 258560K, 32% used [0x00000000a0000000,0x00000000a527d0d0,0x00000000afc80000)
 Metaspace       used 98195K, capacity 103538K, committed 103680K, reserved 1138688K
  class space    used 12948K, capacity 14032K, committed 14080K, reserved 1048576K
Event: 396.973 GC heap after
Heap after GC invocations=30 (full 4):
 PSYoungGen      total 434688K, used 4985K [0x00000000e0000000, 0x00000000ffa80000, 0x0000000100000000)
  eden space 358400K, 0% used [0x00000000e0000000,0x00000000e0000000,0x00000000f5e00000)
  from space 76288K, 6% used [0x00000000fa800000,0x00000000facde5e8,0x00000000ff280000)
  to   space 75776K, 0% used [0x00000000f5e00000,0x00000000f5e00000,0x00000000fa800000)
 ParOldGen       total 258560K, used 102353K [0x00000000a0000000, 0x00000000afc80000, 0x00000000e0000000)
  object space 258560K, 39% used [0x00000000a0000000,0x00000000a63f4460,0x00000000afc80000)
 Metaspace       used 98195K, capacity 103538K, committed 103680K, reserved 1138688K
  class space    used 12948K, capacity 14032K, committed 14080K, reserved 1048576K
}
Event: 399.092 GC heap before
{Heap before GC invocations=31 (full 4):
 PSYoungGen      total 434688K, used 363385K [0x00000000e0000000, 0x00000000ffa80000, 0x0000000100000000)
  eden space 358400K, 100% used [0x00000000e0000000,0x00000000f5e00000,0x00000000f5e00000)
  from space 76288K, 6% used [0x00000000fa800000,0x00000000facde5e8,0x00000000ff280000)
  to   space 75776K, 0% used [0x00000000f5e00000,0x00000000f5e00000,0x00000000fa800000)
 ParOldGen       total 258560K, used 102353K [0x00000000a0000000, 0x00000000afc80000, 0x00000000e0000000)
  object space 258560K, 39% used [0x00000000a0000000,0x00000000a63f4460,0x00000000afc80000)
 Metaspace       used 98206K, capacity 103602K, committed 103680K, reserved 1138688K
  class space    used 12948K, capacity 14032K, committed 14080K, reserved 1048576K
Event: 399.108 GC heap after
Heap after GC invocations=31 (full 4):
 PSYoungGen      total 434176K, used 4000K [0x00000000e0000000, 0x00000000ffd80000, 0x0000000100000000)
  eden space 358400K, 0% used [0x00000000e0000000,0x00000000e0000000,0x00000000f5e00000)
  from space 75776K, 5% used [0x00000000f5e00000,0x00000000f61e8000,0x00000000fa800000)
  to   space 74752K, 0% used [0x00000000fb480000,0x00000000fb480000,0x00000000ffd80000)
 ParOldGen       total 258560K, used 106382K [0x00000000a0000000, 0x00000000afc80000, 0x00000000e0000000)
  object space 258560K, 41% used [0x00000000a0000000,0x00000000a67e3958,0x00000000afc80000)
 Metaspace       used 98206K, capacity 103602K, committed 103680K, reserved 1138688K
  class space    used 12948K, capacity 14032K, committed 14080K, reserved 1048576K
}
Event: 400.948 GC heap before
{Heap before GC invocations=32 (full 4):
 PSYoungGen      total 434176K, used 362400K [0x00000000e0000000, 0x00000000ffd80000, 0x0000000100000000)
  eden space 358400K, 100% used [0x00000000e0000000,0x00000000f5e00000,0x00000000f5e00000)
  from space 75776K, 5% used [0x00000000f5e00000,0x00000000f61e8000,0x00000000fa800000)
  to   space 74752K, 0% used [0x00000000fb480000,0x00000000fb480000,0x00000000ffd80000)
 ParOldGen       total 258560K, used 106382K [0x00000000a0000000, 0x00000000afc80000, 0x00000000e0000000)
  object space 258560K, 41% used [0x00000000a0000000,0x00000000a67e3958,0x00000000afc80000)
 Metaspace       used 98211K, capacity 103602K, committed 103680K, reserved 1138688K
  class space    used 12948K, capacity 14032K, committed 14080K, reserved 1048576K
Event: 400.966 GC heap after
Heap after GC invocations=32 (full 4):
 PSYoungGen      total 445952K, used 5568K [0x00000000e0000000, 0x00000000ffb00000, 0x0000000100000000)
  eden space 373760K, 0% used [0x00000000e0000000,0x00000000e0000000,0x00000000f6d00000)
  from space 72192K, 7% used [0x00000000fb480000,0x00000000fb9f0030,0x00000000ffb00000)
  to   space 72704K, 0% used [0x00000000f6d00000,0x00000000f6d00000,0x00000000fb400000)
 ParOldGen       total 258560K, used 109862K [0x00000000a0000000, 0x00000000afc80000, 0x00000000e0000000)
  object space 258560K, 42% used [0x00000000a0000000,0x00000000a6b49968,0x00000000afc80000)
 Metaspace       used 98211K, capacity 103602K, committed 103680K, reserved 1138688K
  class space    used 12948K, capacity 14032K, committed 14080K, reserved 1048576K
}

